#
# There is insufficient memory for the Java Runtime Environment to continue.
# Native memory allocation (mmap) failed to map 100663296 bytes for Failed to commit area from 0x00000000a0800000 to 0x00000000a6800000 of length 100663296.
# Possible reasons:
#   The system is out of physical RAM or swap space
#   The process is running with CompressedOops enabled, and the Java Heap may be blocking the growth of the native heap
# Possible solutions:
#   Reduce memory load on the system
#   Increase physical memory or swap space
#   Check if swap backing store is full
#   Decrease Java heap size (-Xmx/-Xms)
#   Decrease number of Java threads
#   Decrease Java thread stack sizes (-Xss)
#   Set larger code cache with -XX:ReservedCodeCacheSize=
# This output file may be truncated or incomplete.
#
#  Out of Memory Error (./src/hotspot/os/windows/os_windows.cpp:3301), pid=5904, tid=9440
#
# JRE version:  (11.0.11+9) (build )
# Java VM: OpenJDK 64-Bit Server VM (11.0.11+9-b60-7590822, mixed mode, sharing, tiered, compressed oops, g1 gc, windows-amd64)
# No core dump will be written. Minidumps are not enabled by default on client versions of Windows
#

---------------  S U M M A R Y ------------

Command Line: org.jetbrains.git4idea.http.GitAskPassApp Username for 'https://github.com': 

Host: Intel(R) Core(TM)2 Duo CPU     E7500  @ 2.93GHz, 2 cores, 5G,  Windows 10 , 64 bit Build 19041 (10.0.19041.1566)
Time: Sun Feb 27 01:18:03 2022 Egypt Standard Time elapsed time: 0.373991 seconds (0d 0h 0m 0s)

---------------  T H R E A D  ---------------

Current thread (0x000001a606fca800):  JavaThread "Unknown thread" [_thread_in_vm, id=9440, stack(0x00000080cd900000,0x00000080cda00000)]

Stack: [0x00000080cd900000,0x00000080cda00000]
Native frames: (J=compiled Java code, j=interpreted, Vv=VM code, C=native code)
V  [jvm.dll+0x5f214a]
V  [jvm.dll+0x726fb5]
V  [jvm.dll+0x7285cd]
V  [jvm.dll+0x728c83]
V  [jvm.dll+0x243278]
V  [jvm.dll+0x5ef544]
V  [jvm.dll+0x5e4495]
V  [jvm.dll+0x2fec5b]
V  [jvm.dll+0x2febca]
V  [jvm.dll+0x2feaa2]
V  [jvm.dll+0x303986]
V  [jvm.dll+0x34c3a3]
V  [jvm.dll+0x34caa6]
V  [jvm.dll+0x34c4a3]
V  [jvm.dll+0x2d9688]
V  [jvm.dll+0x2da837]
V  [jvm.dll+0x705ba7]
V  [jvm.dll+0x70739c]
V  [jvm.dll+0x3598f9]
V  [jvm.dll+0x6e931e]
V  [jvm.dll+0x3c1c43]
V  [jvm.dll+0x3c3e81]
C  [jli.dll+0x5373]
C  [ucrtbase.dll+0x21bb2]
C  [KERNEL32.DLL+0x17034]
C  [ntdll.dll+0x52651]


---------------  P R O C E S S  ---------------

Threads class SMR info:
_java_thread_list=0x000001a605730310, length=0, elements={
}

Java Threads: ( => current thread )

Other Threads:
  0x000001a606fe1800 GCTaskThread "GC Thread#0" [stack: 0x00000080cda00000,0x00000080cdb00000] [id=8744]
  0x000001a607009000 ConcurrentGCThread "G1 Main Marker" [stack: 0x00000080cdb00000,0x00000080cdc00000] [id=11060]
  0x000001a60700b800 ConcurrentGCThread "G1 Conc#0" [stack: 0x00000080cdc00000,0x00000080cdd00000] [id=9432]

[error occurred during error reporting (printing all threads), id 0xc0000005, EXCEPTION_ACCESS_VIOLATION (0xc0000005) at pc=0x00007ffb940c9c47]

VM state:not at safepoint (not fully initialized)

VM Mutex/Monitor currently owned by a thread:  ([mutex/lock_event])
[0x000001a606fc77a0] Heap_lock - owner thread: 0x000001a606fca800

Heap address: 0x00000000a0800000, size: 1528 MB, Compressed Oops mode: Non-zero based: 0x00000000a0800000
Narrow klass base: 0x0000000000000000, Narrow klass shift: 0

GC Heap History (0 events):
No events

Deoptimization events (0 events):
No events

Classes redefined (0 events):
No events

Internal exceptions (0 events):
No events

Events (1 events):
Event: 0.181 Loaded shared library C:\Program Files\Android\Android Studio\jre\bin\zip.dll


Dynamic libraries:
0x00007ff6fed10000 - 0x00007ff6fed1a000 	C:\Program Files\Android\Android Studio\jre\bin\java.exe
0x00007ffbaad70000 - 0x00007ffbaaf65000 	C:\WINDOWS\SYSTEM32\ntdll.dll
0x00007ffbaab10000 - 0x00007ffbaabce000 	C:\WINDOWS\System32\KERNEL32.DLL
0x00007ffba89f0000 - 0x00007ffba8cb8000 	C:\WINDOWS\System32\KERNELBASE.dll
0x00007ffba8490000 - 0x00007ffba8590000 	C:\WINDOWS\System32\ucrtbase.dll
0x00007ffb97c90000 - 0x00007ffb97ca7000 	C:\Program Files\Android\Android Studio\jre\bin\VCRUNTIME140.dll
0x00007ffb97bc0000 - 0x00007ffb97bd9000 	C:\Program Files\Android\Android Studio\jre\bin\jli.dll
0x00007ffbaa510000 - 0x00007ffbaa6b0000 	C:\WINDOWS\System32\USER32.dll
0x00007ffba89c0000 - 0x00007ffba89e2000 	C:\WINDOWS\System32\win32u.dll
0x00007ffbaa4e0000 - 0x00007ffbaa50b000 	C:\WINDOWS\System32\GDI32.dll
0x00007ffb8b390000 - 0x00007ffb8b62a000 	C:\WINDOWS\WinSxS\amd64_microsoft.windows.common-controls_6595b64144ccf1df_6.0.19041.1110_none_60b5254171f9507e\COMCTL32.dll
0x00007ffba8cc0000 - 0x00007ffba8dcb000 	C:\WINDOWS\System32\gdi32full.dll
0x00007ffba9f00000 - 0x00007ffba9f9e000 	C:\WINDOWS\System32\msvcrt.dll
0x00007ffba86f0000 - 0x00007ffba878d000 	C:\WINDOWS\System32\msvcp_win.dll
0x00007ffba9db0000 - 0x00007ffba9de0000 	C:\WINDOWS\System32\IMM32.DLL
0x00007ffb95020000 - 0x00007ffb950bd000 	C:\Program Files\Android\Android Studio\jre\bin\msvcp140.dll
0x00007ffb93de0000 - 0x00007ffb948b5000 	C:\Program Files\Android\Android Studio\jre\bin\server\jvm.dll
0x00007ffba9be0000 - 0x00007ffba9c8e000 	C:\WINDOWS\System32\ADVAPI32.dll
0x00007ffba8dd0000 - 0x00007ffba8e6c000 	C:\WINDOWS\System32\sechost.dll
0x00007ffbaa7d0000 - 0x00007ffbaa8f5000 	C:\WINDOWS\System32\RPCRT4.dll
0x00007ffba8e70000 - 0x00007ffba8e78000 	C:\WINDOWS\System32\PSAPI.DLL
0x00007ffba4e30000 - 0x00007ffba4e39000 	C:\WINDOWS\SYSTEM32\WSOCK32.dll
0x00007ffba92c0000 - 0x00007ffba932b000 	C:\WINDOWS\System32\WS2_32.dll
0x00007ffb8cc20000 - 0x00007ffb8cc47000 	C:\WINDOWS\SYSTEM32\WINMM.dll
0x00007ffba6350000 - 0x00007ffba635a000 	C:\WINDOWS\SYSTEM32\VERSION.dll
0x00007ffba6d50000 - 0x00007ffba6d62000 	C:\WINDOWS\SYSTEM32\kernel.appcore.dll
0x00007ffba3560000 - 0x00007ffba3571000 	C:\Program Files\Android\Android Studio\jre\bin\verify.dll
0x00007ffb9e1a0000 - 0x00007ffb9e384000 	C:\WINDOWS\SYSTEM32\DBGHELP.DLL
0x00007ffb9e170000 - 0x00007ffb9e19c000 	C:\WINDOWS\SYSTEM32\dbgcore.DLL
0x00007ffba8900000 - 0x00007ffba8982000 	C:\WINDOWS\System32\bcryptPrimitives.dll
0x00007ffb9bda0000 - 0x00007ffb9bdc9000 	C:\Program Files\Android\Android Studio\jre\bin\java.dll
0x00007ffba3550000 - 0x00007ffba355b000 	C:\Program Files\Android\Android Studio\jre\bin\jimage.dll
0x00007ffb9bd10000 - 0x00007ffb9bd28000 	C:\Program Files\Android\Android Studio\jre\bin\zip.dll

dbghelp: loaded successfully - version: 4.0.5 - missing functions: none
symbol engine: initialized successfully - sym options: 0x614 - pdb path: .;C:\Program Files\Android\Android Studio\jre\bin;C:\WINDOWS\SYSTEM32;C:\WINDOWS\WinSxS\amd64_microsoft.windows.common-controls_6595b64144ccf1df_6.0.19041.1110_none_60b5254171f9507e;C:\Program Files\Android\Android Studio\jre\bin\server

VM Arguments:
java_command: org.jetbrains.git4idea.http.GitAskPassApp Username for 'https://github.com': 
java_class_path (initial): C:/Program Files/Android/Android Studio/plugins/git4idea/lib/git4idea-rt.jar;C:/Program Files/Android/Android Studio/lib/xmlrpc-2.0.1.jar;C:/Program Files/Android/Android Studio/lib/commons-codec-1.15.jar
Launcher Type: SUN_STANDARD

[Global flags]
     intx CICompilerCount                          = 2                                         {product} {ergonomic}
     uint ConcGCThreads                            = 1                                         {product} {ergonomic}
     uint G1ConcRefinementThreads                  = 2                                         {product} {ergonomic}
   size_t G1HeapRegionSize                         = 1048576                                   {product} {ergonomic}
    uintx GCDrainStackTargetSize                   = 64                                        {product} {ergonomic}
   size_t InitialHeapSize                          = 100663296                                 {product} {ergonomic}
   size_t MarkStackSize                            = 4194304                                   {product} {ergonomic}
   size_t MaxHeapSize                              = 1602224128                                {product} {ergonomic}
   size_t MinHeapDeltaBytes                        = 1048576                                   {product} {ergonomic}
    uintx NonNMethodCodeHeapSize                   = 5825164                                {pd product} {ergonomic}
    uintx NonProfiledCodeHeapSize                  = 122916538                              {pd product} {ergonomic}
    uintx ProfiledCodeHeapSize                     = 122916538                              {pd product} {ergonomic}
    uintx ReservedCodeCacheSize                    = 251658240                              {pd product} {ergonomic}
     bool SegmentedCodeCache                       = true                                      {product} {ergonomic}
     bool UseCompressedClassPointers               = true                                 {lp64_product} {ergonomic}
     bool UseCompressedOops                        = true                                 {lp64_product} {ergonomic}
     bool UseG1GC                                  = true                                      {product} {ergonomic}
     bool UseLargePagesIndividualAllocation        = false                                  {pd product} {ergonomic}

Logging:
Log output configuration:
 #0: stdout all=warning uptime,level,tags
 #1: stderr all=off uptime,level,tags

Environment Variables:
PATH=C:/Program Files/Git/mingw64/libexec/git-core;C:/Program Files/Git/mingw64/libexec/git-core;C:\Program Files\Git\mingw64\bin;C:\Program Files\Git\usr\bin;C:\Users\Hamdy-PC\bin;C:\Program Files (x86)\Common Files\Oracle\Java\javapath;C:\ProgramData\Oracle\Java\javapath;C:\WINDOWS\system32;C:\WINDOWS;C:\WINDOWS\System32\Wbem;C:\WINDOWS\System32\WindowsPowerShell\v1.0\;C:\WINDOWS\System32\OpenSSH\;C:\Program Files\Microsoft SQL Server\110\Tools\Binn\;C:\Program Files\Git\cmd;C:\Users\Hamdy-PC\AppData\Local\Microsoft\WindowsApps;C:\MinGW\bin;C:\Users\Hamdy-PC\AppData\Local\GitHubDesktop\bin
USERNAME=Hamdy-PC
DISPLAY=:0.0
LC_ALL=en_US.UTF-8
OS=Windows_NT
PROCESSOR_IDENTIFIER=Intel64 Family 6 Model 23 Stepping 10, GenuineIntel



---------------  S Y S T E M  ---------------

OS: Windows 10 , 64 bit Build 19041 (10.0.19041.1566)
OS uptime: 1 days 9:29 hours

CPU:total 2 (initial active 2) (2 cores per cpu, 1 threads per core) family 6 model 23 stepping 10 microcode 0xa0c, cmov, cx8, fxsr, mmx, sse, sse2, sse3, ssse3, sse4.1, tsc

Memory: 4k page, system-wide physical 6109M (358M free)
TotalPageFile size 18461M (AvailPageFile size 31M)
current process WorkingSet (physical memory assigned to process): 9M, peak: 9M
current process commit charge ("private bytes"): 47M, peak: 143M

vm_info: OpenJDK 64-Bit Server VM (11.0.11+9-b60-7590822) for windows-amd64 JRE (11.0.11+9-b60-7590822), built on Jul 29 2021 21:43:44 by "builder" with MS VC++ 14.0 (VS2015)

END.
